Vercel CLI 44.2.7
Retrieving project…
Deploying moha0886s-projects/quadco-app
Uploading [--------------------] (0.0B/80B)
Uploading [====================] (80.0B/80B)
Inspect: https://vercel.com/moha0886s-projects/quadco-app/CBWVXdigDgTrihtVSrXYgBckw8m7 [2s]
Production: https://quadco-r3nxekmil-moha0886s-projects.vercel.app [2s]
https://quadco-r3nxekmil-moha0886s-projects.vercel.appQueued
2025-07-02T00:33:00.284Z  Running build in Washington, D.C., USA (East) – iad1
2025-07-02T00:33:00.284Z  Build machine configuration: 2 cores, 8 GB
2025-07-02T00:33:00.300Z  Retrieving list of deployment files...
2025-07-02T00:33:00.477Z  Previous build caches not available
2025-07-02T00:33:00.633Z  Downloading 114 deployment files...
2025-07-02T00:33:01.484Z  Running "vercel build"
2025-07-02T00:33:01.926Z  Vercel CLI 43.3.0
2025-07-02T00:33:02.416Z  Running "install" command: `npm install`...
2025-07-02T00:33:25.813Z  
2025-07-02T00:33:25.814Z  > quadco-app@0.1.0 postinstall
2025-07-02T00:33:25.814Z  > prisma generate
2025-07-02T00:33:25.814Z  
2025-07-02T00:33:26.675Z  Environment variables loaded from .env
2025-07-02T00:33:26.676Z  Prisma schema loaded from prisma/schema.prisma
2025-07-02T00:33:27.190Z  
2025-07-02T00:33:27.191Z  ✔ Generated Prisma Client (v6.11.0) to ./node_modules/@prisma/client in 309ms
2025-07-02T00:33:27.191Z  
2025-07-02T00:33:27.191Z  Start by importing your Prisma Client (See: https://pris.ly/d/importing-client)
2025-07-02T00:33:27.191Z  
2025-07-02T00:33:27.191Z  Tip: Want to turn off tips and other hints? https://pris.ly/tip-4-nohints
2025-07-02T00:33:27.191Z  
2025-07-02T00:33:27.220Z  
2025-07-02T00:33:27.220Z  added 487 packages, and audited 488 packages in 25s
2025-07-02T00:33:27.221Z  
2025-07-02T00:33:27.221Z  149 packages are looking for funding
2025-07-02T00:33:27.221Z    run `npm fund` for details
2025-07-02T00:33:27.222Z  
2025-07-02T00:33:27.222Z  found 0 vulnerabilities
2025-07-02T00:33:27.264Z  Detected Next.js version: 15.3.4
2025-07-02T00:33:27.265Z  Running "npm run build"
2025-07-02T00:33:27.515Z  
2025-07-02T00:33:27.515Z  > quadco-app@0.1.0 build
2025-07-02T00:33:27.516Z  > prisma generate && next build
2025-07-02T00:33:27.517Z  
2025-07-02T00:33:28.357Z  Environment variables loaded from .env
2025-07-02T00:33:28.359Z  Prisma schema loaded from prisma/schema.prisma
2025-07-02T00:33:28.844Z  
2025-07-02T00:33:28.845Z  ✔ Generated Prisma Client (v6.11.0) to ./node_modules/@prisma/client in 279ms
2025-07-02T00:33:28.845Z  
2025-07-02T00:33:28.846Z  Start by importing your Prisma Client (See: https://pris.ly/d/importing-client)
2025-07-02T00:33:28.846Z  
2025-07-02T00:33:28.846Z  Tip: Need your database queries to be 1000x faster? Accelerate offers you that and more: https://pris.ly/tip-2-accelerate
2025-07-02T00:33:28.846Z  
2025-07-02T00:33:29.491Z  Attention: Next.js now collects completely anonymous telemetry regarding usage.
2025-07-02T00:33:29.492Z  This information is used to shape Next.js' roadmap and prioritize features.
2025-07-02T00:33:29.492Z  You can learn more, including how to opt-out if you'd not like to participate in this anonymous program, by visiting the following URL:
2025-07-02T00:33:29.493Z  https://nextjs.org/telemetry
2025-07-02T00:33:29.493Z  
2025-07-02T00:33:29.598Z     ▲ Next.js 15.3.4
2025-07-02T00:33:29.599Z     - Environments: .env
2025-07-02T00:33:29.599Z  
2025-07-02T00:33:29.632Z     Creating an optimized production build ...
2025-07-02T00:33:49.392Z   ✓ Compiled successfully in 16.0s
2025-07-02T00:33:49.399Z     Linting and checking validity of types ...
2025-07-02T00:33:57.827Z  
2025-07-02T00:33:57.828Z  Failed to compile.
2025-07-02T00:33:57.828Z  
2025-07-02T00:33:57.828Z  ./src/app/api/roles/[id]/route.ts
2025-07-02T00:33:57.828Z  41:50  Error: Unexpected any. Specify a different type.  @typescript-eslint/no-explicit-any
2025-07-02T00:33:57.828Z  48:38  Error: Unexpected any. Specify a different type.  @typescript-eslint/no-explicit-any
2025-07-02T00:33:57.828Z  70:43  Error: Unexpected any. Specify a different type.  @typescript-eslint/no-explicit-any
2025-07-02T00:33:57.828Z  84:44  Error: Unexpected any. Specify a different type.  @typescript-eslint/no-explicit-any
2025-07-02T00:33:57.828Z  96:35  Error: Unexpected any. Specify a different type.  @typescript-eslint/no-explicit-any
2025-07-02T00:33:57.828Z  120:50  Error: Unexpected any. Specify a different type.  @typescript-eslint/no-explicit-any
2025-07-02T00:33:57.828Z  141:35  Error: Unexpected any. Specify a different type.  @typescript-eslint/no-explicit-any
2025-07-02T00:33:57.828Z  168:22  Error: Unexpected any. Specify a different type.  @typescript-eslint/no-explicit-any
2025-07-02T00:33:57.828Z  
2025-07-02T00:33:57.828Z  ./src/app/customers/[id]/edit/page.tsx
2025-07-02T00:33:57.829Z  36:6  Warning: React Hook useEffect has a missing dependency: 'fetchCustomer'. Either include it or remove the dependency array.  react-hooks/exhaustive-deps
2025-07-02T00:33:57.829Z  
2025-07-02T00:33:57.829Z  ./src/app/customers/[id]/page.tsx
2025-07-02T00:33:57.829Z  69:6  Warning: React Hook useEffect has a missing dependency: 'fetchCustomerData'. Either include it or remove the dependency array.  react-hooks/exhaustive-deps
2025-07-02T00:33:57.829Z  
2025-07-02T00:33:57.829Z  ./src/app/invoices/[id]/edit/page.tsx
2025-07-02T00:33:57.829Z  76:6  Warning: React Hook useEffect has a missing dependency: 'fetchData'. Either include it or remove the dependency array.  react-hooks/exhaustive-deps
2025-07-02T00:33:57.829Z  
2025-07-02T00:33:57.829Z  ./src/app/invoices/[id]/page.tsx
2025-07-02T00:33:57.829Z  91:6  Warning: React Hook useEffect has a missing dependency: 'fetchInvoice'. Either include it or remove the dependency array.  react-hooks/exhaustive-deps
2025-07-02T00:33:57.829Z  
2025-07-02T00:33:57.829Z  ./src/app/profile/page.tsx
2025-07-02T00:33:57.829Z  35:6  Warning: React Hook useEffect has a missing dependency: 'fetchCurrentUser'. Either include it or remove the dependency array.  react-hooks/exhaustive-deps
2025-07-02T00:33:57.829Z  
2025-07-02T00:33:57.829Z  ./src/app/quotations/[id]/edit/page.tsx
2025-07-02T00:33:57.829Z  75:6  Warning: React Hook useEffect has a missing dependency: 'fetchData'. Either include it or remove the dependency array.  react-hooks/exhaustive-deps
2025-07-02T00:33:57.829Z  
2025-07-02T00:33:57.830Z  ./src/app/quotations/[id]/page.tsx
2025-07-02T00:33:57.836Z  75:6  Warning: React Hook useEffect has a missing dependency: 'fetchQuotation'. Either include it or remove the dependency array.  react-hooks/exhaustive-deps
2025-07-02T00:33:57.836Z  
2025-07-02T00:33:57.836Z  info  - Need to disable some ESLint rules? Learn more here: https://nextjs.org/docs/app/api-reference/config/eslint#disabling-rules
2025-07-02T00:33:57.873Z  Error: Command "npm run build" exited with 1
2025-07-02T00:33:58.144Z  
Error: Command "npm run build" exited with 1
> 

> To check build logs run: `vercel inspect quadco-r3nxekmil-moha0886s-projects.vercel.app --logs`
> Or inspect them in your browser at https://quadco-r3nxekmil-moha0886s-projects.vercel.app/_logs
